<?xml version="1.0" encoding="UTF-8"?>
<robot generator="Robot 3.1.2 (Python 3.8.2 on win32)" generated="20210906 18:31:01.821" rpa="false">
<suite id="s1" name="4Testcase" source="C:\Users\saekh\Desktop\IN\Starttest1\Test-4 Argument\4Testcase.robot">
<kw name="Open Web Browser" type="setup">
<kw name="Open Browser" library="SeleniumLibrary">
<doc>Opens a new browser instance to the optional ``url``.</doc>
<arguments>
<arg>${url}</arg>
<arg>${Browsergc}</arg>
</arguments>
<msg timestamp="20210906 18:31:02.126" level="INFO">Opening browser 'gc' to base url 'https://www.google.co.th/?hl'.</msg>
<status status="PASS" starttime="20210906 18:31:02.125" endtime="20210906 18:31:04.763"></status>
</kw>
<kw name="Maximize Browser Window" library="SeleniumLibrary">
<doc>Maximizes current browser window.</doc>
<status status="PASS" starttime="20210906 18:31:04.764" endtime="20210906 18:31:04.888"></status>
</kw>
<status status="PASS" starttime="20210906 18:31:02.125" endtime="20210906 18:31:04.888"></status>
</kw>
<test id="s1-t1" name="Test Arguments and Return">
<kw name="Search">
<arguments>
<arg>SeleniumLibrary</arg>
</arguments>
<kw name="Input Text" library="SeleniumLibrary">
<doc>Types the given ``text`` into the text field identified by ``locator``.</doc>
<arguments>
<arg>${txtinput}</arg>
<arg>${lbl}</arg>
</arguments>
<msg timestamp="20210906 18:31:04.890" level="INFO">Typing text 'SeleniumLibrary' into text field 'xpath=//Input[@class="gLFyf gsfi"]'.</msg>
<status status="PASS" starttime="20210906 18:31:04.890" endtime="20210906 18:31:05.065"></status>
</kw>
<kw name="Press Keys" library="SeleniumLibrary">
<doc>Simulates the user pressing key(s) to an element or on the active browser.</doc>
<arguments>
<arg>${txtinput}</arg>
<arg>${ENTER}</arg>
</arguments>
<msg timestamp="20210906 18:31:05.066" level="INFO">Sending key(s) ('ENTER',) to xpath=//Input[@class="gLFyf gsfi"] element.</msg>
<msg timestamp="20210906 18:31:05.364" level="INFO">Pressing special key ENTER to element.</msg>
<msg timestamp="20210906 18:31:05.364" level="INFO">Releasing special key ENTER.</msg>
<status status="PASS" starttime="20210906 18:31:05.066" endtime="20210906 18:31:06.806"></status>
</kw>
<kw name="Set Variable" library="BuiltIn">
<doc>Returns the given values which can then be assigned to a variables.</doc>
<arguments>
<arg>${lbl}</arg>
</arguments>
<assign>
<var>${Value}</var>
</assign>
<msg timestamp="20210906 18:31:06.807" level="INFO">${Value} = SeleniumLibrary</msg>
<status status="PASS" starttime="20210906 18:31:06.806" endtime="20210906 18:31:06.807"></status>
</kw>
<status status="PASS" starttime="20210906 18:31:04.889" endtime="20210906 18:31:06.807"></status>
</kw>
<status status="PASS" starttime="20210906 18:31:04.888" endtime="20210906 18:31:06.808" critical="yes"></status>
</test>
<kw name="Closed" type="teardown">
<kw name="Close Browser" library="SeleniumLibrary">
<doc>Closes the current browser.</doc>
<status status="PASS" starttime="20210906 18:31:06.810" endtime="20210906 18:31:08.974"></status>
</kw>
<status status="PASS" starttime="20210906 18:31:06.810" endtime="20210906 18:31:08.974"></status>
</kw>
<status status="PASS" starttime="20210906 18:31:01.823" endtime="20210906 18:31:08.974"></status>
</suite>
<statistics>
<total>
<stat pass="1" fail="0">Critical Tests</stat>
<stat pass="1" fail="0">All Tests</stat>
</total>
<tag>
</tag>
<suite>
<stat pass="1" fail="0" id="s1" name="4Testcase">4Testcase</stat>
</suite>
</statistics>
<errors>
</errors>
</robot>
