<?xml version="1.0" encoding="UTF-8"?>
<robot generator="Robot 3.1.2 (Python 3.8.2 on win32)" generated="20210906 18:35:06.418" rpa="false">
<suite id="s1" name="1Testcase" source="C:\Users\saekh\Desktop\IN\Starttest1\Test-1 Search something\1Testcase.robot">
<test id="s1-t1" name="Verify Page Selenium Library">
<kw name="Open Web Browser">
<kw name="Open Browser" library="SeleniumLibrary">
<doc>Opens a new browser instance to the optional ``url``.</doc>
<arguments>
<arg>${wbsgoogle}</arg>
<arg>${Open_gc}</arg>
</arguments>
<msg timestamp="20210906 18:35:06.711" level="INFO">Opening browser 'gc' to base url 'https://www.google.co.th/?hl'.</msg>
<status status="PASS" starttime="20210906 18:35:06.711" endtime="20210906 18:35:09.159"></status>
</kw>
<kw name="Maximize Browser Window" library="SeleniumLibrary">
<doc>Maximizes current browser window.</doc>
<status status="PASS" starttime="20210906 18:35:09.159" endtime="20210906 18:35:09.274"></status>
</kw>
<status status="PASS" starttime="20210906 18:35:06.711" endtime="20210906 18:35:09.274"></status>
</kw>
<kw name="Search">
<kw name="Input Text" library="SeleniumLibrary">
<doc>Types the given ``text`` into the text field identified by ``locator``.</doc>
<arguments>
<arg>${txtinput}</arg>
<arg>${txtSeleniumLibrary}</arg>
</arguments>
<msg timestamp="20210906 18:35:09.278" level="INFO">Typing text 'SeleniumLibrary' into text field 'xpath=//Input[@class="gLFyf gsfi"]'.</msg>
<status status="PASS" starttime="20210906 18:35:09.276" endtime="20210906 18:35:09.459"></status>
</kw>
<kw name="Press Keys" library="SeleniumLibrary">
<doc>Simulates the user pressing key(s) to an element or on the active browser.</doc>
<arguments>
<arg>${txtinput}</arg>
<arg>${ENTER}</arg>
</arguments>
<msg timestamp="20210906 18:35:09.461" level="INFO">Sending key(s) ('ENTER',) to xpath=//Input[@class="gLFyf gsfi"] element.</msg>
<msg timestamp="20210906 18:35:09.765" level="INFO">Pressing special key ENTER to element.</msg>
<msg timestamp="20210906 18:35:09.765" level="INFO">Releasing special key ENTER.</msg>
<status status="PASS" starttime="20210906 18:35:09.460" endtime="20210906 18:35:11.014"></status>
</kw>
<status status="PASS" starttime="20210906 18:35:09.275" endtime="20210906 18:35:11.014"></status>
</kw>
<kw name="Click Link">
<kw name="Wait Until Element Is Visible" library="SeleniumLibrary">
<doc>Waits until the element ``locator`` is visible.</doc>
<arguments>
<arg>${llblink1}</arg>
</arguments>
<status status="PASS" starttime="20210906 18:35:11.015" endtime="20210906 18:35:11.049"></status>
</kw>
<kw name="Click Element" library="SeleniumLibrary">
<doc>Click the element identified by ``locator``.</doc>
<arguments>
<arg>${llblink1}</arg>
</arguments>
<msg timestamp="20210906 18:35:11.049" level="INFO">Clicking element 'xpath=(//h3[@class="LC20lb DKV0Md"])[1]'.</msg>
<status status="PASS" starttime="20210906 18:35:11.049" endtime="20210906 18:35:12.421"></status>
</kw>
<kw name="Element Text Should Be" library="SeleniumLibrary">
<doc>Verifies that element ``locator`` contains exact the text ``expected``.</doc>
<arguments>
<arg>${Verifypage1}</arg>
<arg>${txtSeleniumLibrary}</arg>
</arguments>
<msg timestamp="20210906 18:35:12.422" level="INFO">Verifying element 'xpath=//h1[text()="SeleniumLibrary"]' contains exact text 'SeleniumLibrary'.</msg>
<status status="PASS" starttime="20210906 18:35:12.421" endtime="20210906 18:35:12.462"></status>
</kw>
<status status="PASS" starttime="20210906 18:35:11.015" endtime="20210906 18:35:12.462"></status>
</kw>
<kw name="Closed">
<kw name="Capture Page Screenshot" library="SeleniumLibrary">
<doc>Takes a screenshot of the current page and embeds it into a log file.</doc>
<msg timestamp="20210906 18:35:12.663" level="INFO" html="yes">&lt;/td&gt;&lt;/tr&gt;&lt;tr&gt;&lt;td colspan="3"&gt;&lt;a href="selenium-screenshot-1.png"&gt;&lt;img src="selenium-screenshot-1.png" width="800px"&gt;&lt;/a&gt;</msg>
<status status="PASS" starttime="20210906 18:35:12.463" endtime="20210906 18:35:12.663"></status>
</kw>
<kw name="Close Browser" library="SeleniumLibrary">
<doc>Closes the current browser.</doc>
<status status="PASS" starttime="20210906 18:35:12.664" endtime="20210906 18:35:14.847"></status>
</kw>
<status status="PASS" starttime="20210906 18:35:12.463" endtime="20210906 18:35:14.847"></status>
</kw>
<status status="PASS" starttime="20210906 18:35:06.710" endtime="20210906 18:35:14.848" critical="yes"></status>
</test>
<status status="PASS" starttime="20210906 18:35:06.420" endtime="20210906 18:35:14.850"></status>
</suite>
<statistics>
<total>
<stat pass="1" fail="0">Critical Tests</stat>
<stat pass="1" fail="0">All Tests</stat>
</total>
<tag>
</tag>
<suite>
<stat pass="1" fail="0" id="s1" name="1Testcase">1Testcase</stat>
</suite>
</statistics>
<errors>
</errors>
</robot>
