<?xml version="1.0" encoding="UTF-8"?>
<robot generator="Robot 3.1.2 (Python 3.8.2 on win32)" generated="20210906 18:31:32.862" rpa="false">
<suite id="s1" name="2Testcase" source="C:\Users\saekh\Desktop\IN\Starttest1\Test-2 Open gcff\2Testcase.robot">
<test id="s1-t1" name="Verify page of the link 3rd in Chrome and Firefox">
<kw name="Open Web Browser">
<kw name="Open Browser" library="SeleniumLibrary">
<doc>Opens a new browser instance to the optional ``url``.</doc>
<arguments>
<arg>${wbsgoogle}</arg>
<arg>${Open_ff}</arg>
</arguments>
<msg timestamp="20210906 18:31:33.146" level="INFO">Opening browser 'ff' to base url 'https://www.google.co.th/?hl'.</msg>
<msg timestamp="20210906 18:31:33.154" level="INFO">Firefox driver log is always forced to to: C:\Users\saekh\Desktop\IN\Starttest1\Test-2 Open gcff\geckodriver-2.log</msg>
<status status="PASS" starttime="20210906 18:31:33.146" endtime="20210906 18:31:42.686"></status>
</kw>
<kw name="Maximize Browser Window" library="SeleniumLibrary">
<doc>Maximizes current browser window.</doc>
<status status="PASS" starttime="20210906 18:31:42.687" endtime="20210906 18:31:42.696"></status>
</kw>
<status status="PASS" starttime="20210906 18:31:33.146" endtime="20210906 18:31:42.696"></status>
</kw>
<kw name="Search">
<kw name="Input Text" library="SeleniumLibrary">
<doc>Types the given ``text`` into the text field identified by ``locator``.</doc>
<arguments>
<arg>${txtinput}</arg>
<arg>${txtSeleniumLibrary}</arg>
</arguments>
<msg timestamp="20210906 18:31:42.698" level="INFO">Typing text 'SeleniumLibrary' into text field 'xpath=//Input[@class="gLFyf gsfi"]'.</msg>
<status status="PASS" starttime="20210906 18:31:42.697" endtime="20210906 18:31:43.016"></status>
</kw>
<kw name="Press Keys" library="SeleniumLibrary">
<doc>Simulates the user pressing key(s) to an element or on the active browser.</doc>
<arguments>
<arg>${txtinput}</arg>
<arg>${ENTER}</arg>
</arguments>
<msg timestamp="20210906 18:31:43.018" level="INFO">Sending key(s) ('ENTER',) to xpath=//Input[@class="gLFyf gsfi"] element.</msg>
<msg timestamp="20210906 18:31:43.664" level="INFO">Pressing special key ENTER to element.</msg>
<msg timestamp="20210906 18:31:43.664" level="INFO">Releasing special key ENTER.</msg>
<status status="PASS" starttime="20210906 18:31:43.017" endtime="20210906 18:31:43.703"></status>
</kw>
<status status="PASS" starttime="20210906 18:31:42.696" endtime="20210906 18:31:43.704"></status>
</kw>
<kw name="Click Link">
<kw name="Wait Until Element Is Visible" library="SeleniumLibrary">
<doc>Waits until the element ``locator`` is visible.</doc>
<arguments>
<arg>${llblink3}</arg>
</arguments>
<status status="PASS" starttime="20210906 18:31:43.704" endtime="20210906 18:31:44.345"></status>
</kw>
<kw name="Click Element" library="SeleniumLibrary">
<doc>Click the element identified by ``locator``.</doc>
<arguments>
<arg>${llblink3}</arg>
</arguments>
<msg timestamp="20210906 18:31:44.345" level="INFO">Clicking element 'xpath=(//h3[@class="LC20lb DKV0Md"])[3]'.</msg>
<status status="PASS" starttime="20210906 18:31:44.345" endtime="20210906 18:31:45.718"></status>
</kw>
<kw name="Element Text Should Be" library="SeleniumLibrary">
<doc>Verifies that element ``locator`` contains exact the text ``expected``.</doc>
<arguments>
<arg>${Verifypage}</arg>
<arg>${txtSeleniumLibrary}</arg>
</arguments>
<msg timestamp="20210906 18:31:45.719" level="INFO">Verifying element 'xpath=//*[text()="SeleniumLibrary"]' contains exact text 'SeleniumLibrary'.</msg>
<status status="PASS" starttime="20210906 18:31:45.718" endtime="20210906 18:31:45.795"></status>
</kw>
<status status="PASS" starttime="20210906 18:31:43.704" endtime="20210906 18:31:45.795"></status>
</kw>
<kw name="Closed">
<kw name="Capture Page Screenshot" library="SeleniumLibrary">
<doc>Takes a screenshot of the current page and embeds it into a log file.</doc>
<msg timestamp="20210906 18:31:45.893" level="INFO" html="yes">&lt;/td&gt;&lt;/tr&gt;&lt;tr&gt;&lt;td colspan="3"&gt;&lt;a href="selenium-screenshot-2.png"&gt;&lt;img src="selenium-screenshot-2.png" width="800px"&gt;&lt;/a&gt;</msg>
<status status="PASS" starttime="20210906 18:31:45.796" endtime="20210906 18:31:45.893"></status>
</kw>
<kw name="Close Browser" library="SeleniumLibrary">
<doc>Closes the current browser.</doc>
<status status="PASS" starttime="20210906 18:31:45.894" endtime="20210906 18:31:47.100"></status>
</kw>
<status status="PASS" starttime="20210906 18:31:45.796" endtime="20210906 18:31:47.100"></status>
</kw>
<status status="PASS" starttime="20210906 18:31:33.145" endtime="20210906 18:31:47.101" critical="yes"></status>
</test>
<status status="PASS" starttime="20210906 18:31:32.863" endtime="20210906 18:31:47.103"></status>
</suite>
<statistics>
<total>
<stat pass="1" fail="0">Critical Tests</stat>
<stat pass="1" fail="0">All Tests</stat>
</total>
<tag>
</tag>
<suite>
<stat pass="1" fail="0" id="s1" name="2Testcase">2Testcase</stat>
</suite>
</statistics>
<errors>
</errors>
</robot>
