<?xml version="1.0" encoding="UTF-8"?>
<robot generator="Robot 3.1.2 (Python 3.8.2 on win32)" generated="20210906 18:16:32.591" rpa="false">
<suite id="s1" name="5Testcase" source="C:\Users\saekh\Desktop\IN\Starttest1\Test-5 Lang\5Testcase.robot">
<kw name="Open Web Browser" type="setup">
<kw name="Open Browser" library="SeleniumLibrary">
<doc>Opens a new browser instance to the optional ``url``.</doc>
<arguments>
<arg>${url}</arg>
<arg>${Browsergc}</arg>
</arguments>
<msg timestamp="20210906 18:16:32.901" level="INFO">Opening browser 'gc' to base url 'https://www.google.co.th/?hl'.</msg>
<status status="PASS" starttime="20210906 18:16:32.901" endtime="20210906 18:16:35.385"></status>
</kw>
<kw name="Maximize Browser Window" library="SeleniumLibrary">
<doc>Maximizes current browser window.</doc>
<status status="PASS" starttime="20210906 18:16:35.385" endtime="20210906 18:16:35.505"></status>
</kw>
<status status="PASS" starttime="20210906 18:16:32.900" endtime="20210906 18:16:35.506"></status>
</kw>
<test id="s1-t1" name="Test2LANG">
<kw name="Search">
<kw name="Input Text" library="SeleniumLibrary">
<doc>Types the given ``text`` into the text field identified by ``locator``.</doc>
<arguments>
<arg>${txtinput}</arg>
<arg>${Seleniume}</arg>
</arguments>
<msg timestamp="20210906 18:16:35.509" level="INFO">Typing text 'Selenium' into text field 'xpath=//Input[@class="gLFyf gsfi"]'.</msg>
<status status="PASS" starttime="20210906 18:16:35.509" endtime="20210906 18:16:35.652"></status>
</kw>
<kw name="Press Keys" library="SeleniumLibrary">
<doc>Simulates the user pressing key(s) to an element or on the active browser.</doc>
<arguments>
<arg>${txtinput}</arg>
<arg>${ENTER}</arg>
</arguments>
<msg timestamp="20210906 18:16:35.652" level="INFO">Sending key(s) ('ENTER',) to xpath=//Input[@class="gLFyf gsfi"] element.</msg>
<msg timestamp="20210906 18:16:35.935" level="INFO">Pressing special key ENTER to element.</msg>
<msg timestamp="20210906 18:16:35.936" level="INFO">Releasing special key ENTER.</msg>
<status status="PASS" starttime="20210906 18:16:35.652" endtime="20210906 18:16:37.477"></status>
</kw>
<kw name="Capture Page Screenshot" library="SeleniumLibrary">
<doc>Takes a screenshot of the current page and embeds it into a log file.</doc>
<msg timestamp="20210906 18:16:37.631" level="INFO" html="yes">&lt;/td&gt;&lt;/tr&gt;&lt;tr&gt;&lt;td colspan="3"&gt;&lt;a href="selenium-screenshot-5.png"&gt;&lt;img src="selenium-screenshot-5.png" width="800px"&gt;&lt;/a&gt;</msg>
<status status="PASS" starttime="20210906 18:16:37.477" endtime="20210906 18:16:37.631"></status>
</kw>
<status status="PASS" starttime="20210906 18:16:35.508" endtime="20210906 18:16:37.632"></status>
</kw>
<kw name="Log To Console" library="BuiltIn">
<doc>Logs the given message to the console.</doc>
<arguments>
<arg>${Seleniume}</arg>
</arguments>
<status status="PASS" starttime="20210906 18:16:37.632" endtime="20210906 18:16:37.633"></status>
</kw>
<status status="PASS" starttime="20210906 18:16:35.506" endtime="20210906 18:16:37.633" critical="yes"></status>
</test>
<kw name="Closed" type="teardown">
<kw name="Close Browser" library="SeleniumLibrary">
<doc>Closes the current browser.</doc>
<status status="PASS" starttime="20210906 18:16:37.636" endtime="20210906 18:16:39.783"></status>
</kw>
<status status="PASS" starttime="20210906 18:16:37.635" endtime="20210906 18:16:39.783"></status>
</kw>
<status status="PASS" starttime="20210906 18:16:32.592" endtime="20210906 18:16:39.783"></status>
</suite>
<statistics>
<total>
<stat pass="1" fail="0">Critical Tests</stat>
<stat pass="1" fail="0">All Tests</stat>
</total>
<tag>
</tag>
<suite>
<stat pass="1" fail="0" id="s1" name="5Testcase">5Testcase</stat>
</suite>
</statistics>
<errors>
</errors>
</robot>
