<?xml version="1.0" encoding="UTF-8"?>
<robot generator="Robot 3.1.2 (Python 3.8.2 on win32)" generated="20210906 18:26:27.132" rpa="false">
<suite id="s1" name="3Testcase" source="C:\Users\saekh\Desktop\IN\Starttest1\Test-3 Choose 3. 4. 5\3Testcase.robot">
<kw name="Open Web Browser" type="setup">
<kw name="Open Browser" library="SeleniumLibrary">
<doc>Opens a new browser instance to the optional ``url``.</doc>
<arguments>
<arg>${url}</arg>
<arg>${Open_gc}</arg>
</arguments>
<msg timestamp="20210906 18:26:27.430" level="INFO">Opening browser 'gc' to base url 'https://www.google.co.th/?hl'.</msg>
<status status="PASS" starttime="20210906 18:26:27.429" endtime="20210906 18:26:29.823"></status>
</kw>
<kw name="Maximize Browser Window" library="SeleniumLibrary">
<doc>Maximizes current browser window.</doc>
<status status="PASS" starttime="20210906 18:26:29.823" endtime="20210906 18:26:29.945"></status>
</kw>
<status status="PASS" starttime="20210906 18:26:27.429" endtime="20210906 18:26:29.946"></status>
</kw>
<test id="s1-t1" name="Verify page of the link 3, 4, 5">
<kw name="Search">
<kw name="Input Text" library="SeleniumLibrary">
<doc>Types the given ``text`` into the text field identified by ``locator``.</doc>
<arguments>
<arg>${txtinput}</arg>
<arg>${txtSeleniumLibrary}</arg>
</arguments>
<msg timestamp="20210906 18:26:29.948" level="INFO">Typing text 'SeleniumLibrary' into text field 'xpath=//Input[@class="gLFyf gsfi"]'.</msg>
<status status="PASS" starttime="20210906 18:26:29.948" endtime="20210906 18:26:30.119"></status>
</kw>
<kw name="Press Keys" library="SeleniumLibrary">
<doc>Simulates the user pressing key(s) to an element or on the active browser.</doc>
<arguments>
<arg>${txtinput}</arg>
<arg>${ENTER}</arg>
</arguments>
<msg timestamp="20210906 18:26:30.120" level="INFO">Sending key(s) ('ENTER',) to xpath=//Input[@class="gLFyf gsfi"] element.</msg>
<msg timestamp="20210906 18:26:30.405" level="INFO">Pressing special key ENTER to element.</msg>
<msg timestamp="20210906 18:26:30.405" level="INFO">Releasing special key ENTER.</msg>
<status status="PASS" starttime="20210906 18:26:30.120" endtime="20210906 18:26:31.349"></status>
</kw>
<status status="PASS" starttime="20210906 18:26:29.947" endtime="20210906 18:26:31.349"></status>
</kw>
<kw name="Click Link">
<kw name="Wait Until Element Is Visible" library="SeleniumLibrary">
<doc>Waits until the element ``locator`` is visible.</doc>
<arguments>
<arg>${llblink3}</arg>
</arguments>
<status status="PASS" starttime="20210906 18:26:31.350" endtime="20210906 18:26:31.383"></status>
</kw>
<kw name="Click Element" library="SeleniumLibrary">
<doc>Click the element identified by ``locator``.</doc>
<arguments>
<arg>${llblink3}</arg>
</arguments>
<msg timestamp="20210906 18:26:31.383" level="INFO">Clicking element 'xpath=(//h3[@class="LC20lb DKV0Md"])[3]'.</msg>
<status status="PASS" starttime="20210906 18:26:31.383" endtime="20210906 18:26:32.805"></status>
</kw>
<kw name="Element Text Should Be" library="SeleniumLibrary">
<doc>Verifies that element ``locator`` contains exact the text ``expected``.</doc>
<arguments>
<arg>${Verifypage}</arg>
<arg>${txtSeleniumLibrary}</arg>
</arguments>
<msg timestamp="20210906 18:26:32.806" level="INFO">Verifying element 'xpath=//*[text()="SeleniumLibrary"]' contains exact text 'SeleniumLibrary'.</msg>
<status status="PASS" starttime="20210906 18:26:32.806" endtime="20210906 18:26:32.850"></status>
</kw>
<kw name="Capture Page Screenshot" library="SeleniumLibrary">
<doc>Takes a screenshot of the current page and embeds it into a log file.</doc>
<msg timestamp="20210906 18:26:33.166" level="INFO" html="yes">&lt;/td&gt;&lt;/tr&gt;&lt;tr&gt;&lt;td colspan="3"&gt;&lt;a href="selenium-screenshot-12.png"&gt;&lt;img src="selenium-screenshot-12.png" width="800px"&gt;&lt;/a&gt;</msg>
<status status="PASS" starttime="20210906 18:26:32.850" endtime="20210906 18:26:33.167"></status>
</kw>
<kw name="Go Back" library="SeleniumLibrary">
<doc>Simulates the user clicking the back button on their browser.</doc>
<status status="PASS" starttime="20210906 18:26:33.167" endtime="20210906 18:26:34.017"></status>
</kw>
<kw name="Wait Until Element Is Visible" library="SeleniumLibrary">
<doc>Waits until the element ``locator`` is visible.</doc>
<arguments>
<arg>${llblink4}</arg>
</arguments>
<status status="PASS" starttime="20210906 18:26:34.017" endtime="20210906 18:26:34.069"></status>
</kw>
<kw name="Click Element" library="SeleniumLibrary">
<doc>Click the element identified by ``locator``.</doc>
<arguments>
<arg>${llblink4}</arg>
</arguments>
<msg timestamp="20210906 18:26:34.069" level="INFO">Clicking element 'xpath=(//h3[@class="LC20lb DKV0Md"])[4]'.</msg>
<status status="PASS" starttime="20210906 18:26:34.069" endtime="20210906 18:26:35.450"></status>
</kw>
<kw name="Element Text Should Be" library="SeleniumLibrary">
<doc>Verifies that element ``locator`` contains exact the text ``expected``.</doc>
<arguments>
<arg>${Verifypage}</arg>
<arg>${txtSeleniumLibrary}</arg>
</arguments>
<msg timestamp="20210906 18:26:35.451" level="INFO">Verifying element 'xpath=//*[text()="SeleniumLibrary"]' contains exact text 'SeleniumLibrary'.</msg>
<status status="PASS" starttime="20210906 18:26:35.451" endtime="20210906 18:26:35.501"></status>
</kw>
<kw name="Capture Page Screenshot" library="SeleniumLibrary">
<doc>Takes a screenshot of the current page and embeds it into a log file.</doc>
<msg timestamp="20210906 18:26:35.655" level="INFO" html="yes">&lt;/td&gt;&lt;/tr&gt;&lt;tr&gt;&lt;td colspan="3"&gt;&lt;a href="selenium-screenshot-13.png"&gt;&lt;img src="selenium-screenshot-13.png" width="800px"&gt;&lt;/a&gt;</msg>
<status status="PASS" starttime="20210906 18:26:35.501" endtime="20210906 18:26:35.655"></status>
</kw>
<kw name="Go Back" library="SeleniumLibrary">
<doc>Simulates the user clicking the back button on their browser.</doc>
<status status="PASS" starttime="20210906 18:26:35.655" endtime="20210906 18:26:36.250"></status>
</kw>
<kw name="Wait Until Element Is Visible" library="SeleniumLibrary">
<doc>Waits until the element ``locator`` is visible.</doc>
<arguments>
<arg>${llblink5}</arg>
</arguments>
<status status="PASS" starttime="20210906 18:26:36.250" endtime="20210906 18:26:36.288"></status>
</kw>
<kw name="Click Element" library="SeleniumLibrary">
<doc>Click the element identified by ``locator``.</doc>
<arguments>
<arg>${llblink5}</arg>
</arguments>
<msg timestamp="20210906 18:26:36.289" level="INFO">Clicking element 'xpath=(//h3[@class="LC20lb DKV0Md"])[5]'.</msg>
<status status="PASS" starttime="20210906 18:26:36.288" endtime="20210906 18:26:37.767"></status>
</kw>
<kw name="Element Text Should Be" library="SeleniumLibrary">
<doc>Verifies that element ``locator`` contains exact the text ``expected``.</doc>
<arguments>
<arg>${Verifypage}</arg>
<arg>${txtSeleniumLibrary}</arg>
</arguments>
<msg timestamp="20210906 18:26:37.767" level="INFO">Verifying element 'xpath=//*[text()="SeleniumLibrary"]' contains exact text 'SeleniumLibrary'.</msg>
<status status="PASS" starttime="20210906 18:26:37.767" endtime="20210906 18:26:37.797"></status>
</kw>
<status status="PASS" starttime="20210906 18:26:31.350" endtime="20210906 18:26:37.798"></status>
</kw>
<status status="PASS" starttime="20210906 18:26:29.946" endtime="20210906 18:26:37.798" critical="yes"></status>
</test>
<status status="PASS" starttime="20210906 18:26:27.134" endtime="20210906 18:26:37.800"></status>
</suite>
<statistics>
<total>
<stat pass="1" fail="0">Critical Tests</stat>
<stat pass="1" fail="0">All Tests</stat>
</total>
<tag>
</tag>
<suite>
<stat pass="1" fail="0" id="s1" name="3Testcase">3Testcase</stat>
</suite>
</statistics>
<errors>
</errors>
</robot>
